=== Running Naive Convolution ===
Layer  0: 1.49 ms (1801.24 GFLOPS)
Layer  1: 14.45 ms (1975.51 GFLOPS)
Layer  2: 26.51 ms (2153.63 GFLOPS)
Layer  3: 48.52 ms (2353.65 GFLOPS)
Layer  4: 98.34 ms (2322.44 GFLOPS)
Layer  5: 37.16 ms (2340.36 GFLOPS)
Layer  6: 74.32 ms (2340.40 GFLOPS)
Layer  7: 148.13 ms (2348.64 GFLOPS)
Layer  8: 296.59 ms (2345.96 GFLOPS)
Layer  9: 110.88 ms (2135.21 GFLOPS)
Layer 10: 1.01 ms (2099.66 GFLOPS)
Layer 11: 19.36 ms (2340.23 GFLOPS)
Layer 12: 9.32 ms (2331.75 GFLOPS)
Layer 13: 18.57 ms (2341.43 GFLOPS)
Layer 14: 5.56 ms (2200.03 GFLOPS)
Layer 15: 2.07 ms (2056.12 GFLOPS)
Layer 16: 5.47 ms (2071.01 GFLOPS)
Layer 17: 5.72 ms (1900.61 GFLOPS)
Baseline Total: 923.47 ms (2299.58 GFLOPS)

=== Running Winograd Convolution ===
Layer  0: 3.41 ms (785.34 GFLOPS)
Layer  1: 4.94 ms (5781.10 GFLOPS)
Layer  2: 6.61 ms (8639.11 GFLOPS)
Layer  3: 10.06 ms (11350.76 GFLOPS)
Layer  4: 15.36 ms (14867.82 GFLOPS)
Layer  5: 5.22 ms (16662.57 GFLOPS)
Layer  6: 9.28 ms (18751.44 GFLOPS)
Layer  7: 17.06 ms (20396.96 GFLOPS)
Layer  8: 31.14 ms (22344.12 GFLOPS)
Layer  9: 12.00 ms (19729.59 GFLOPS)
Layer 10: 2.93 ms (725.68 GFLOPS)
Layer 11: 7.22 ms (6273.19 GFLOPS)
Layer 12: 2.70 ms (8067.50 GFLOPS)
Layer 13: 3.84 ms (11322.61 GFLOPS)
Layer 14: 1.11 ms (10971.16 GFLOPS)
Layer 15: 0.59 ms (7154.46 GFLOPS)
Layer 16: 0.85 ms (13249.84 GFLOPS)
Layer 17: 1.04 ms (10429.11 GFLOPS)
Custom Total: 135.36 ms (15688.44 GFLOPS)

=== Correctness Check ===
Layer  0: [32mCORRECT[0m (Speedup: 0.44x)
Layer  1: [32mCORRECT[0m (Speedup: 2.93x)
Layer  2: [32mCORRECT[0m (Speedup: 4.01x)
Layer  3: [32mCORRECT[0m (Speedup: 4.82x)
Layer  4: [32mCORRECT[0m (Speedup: 6.40x)
Layer  5: [32mCORRECT[0m (Speedup: 7.12x)
Layer  6: [32mCORRECT[0m (Speedup: 8.01x)
Layer  7: [32mCORRECT[0m (Speedup: 8.68x)
Layer  8: [32mCORRECT[0m (Speedup: 9.52x)
Layer  9: [32mCORRECT[0m (Speedup: 9.24x)
Layer 10: [32mCORRECT[0m (Speedup: 0.35x)
Layer 11: [32mCORRECT[0m (Speedup: 2.68x)
Layer 12: [32mCORRECT[0m (Speedup: 3.46x)
Layer 13: [32mCORRECT[0m (Speedup: 4.84x)
Layer 14: [32mCORRECT[0m (Speedup: 4.99x)
Layer 15: [32mCORRECT[0m (Speedup: 3.48x)
Layer 16: [32mCORRECT[0m (Speedup: 6.40x)
Layer 17: [32mCORRECT[0m (Speedup: 5.49x)

=== Final Results ===
[32mResults are correct![0m
Naive:    923.47 ms (2299.58 GFLOPS)
Winograd: 135.36 ms (15688.44 GFLOPS)
Overall speedup: 6.82x
