=== Running Naive Convolution ===
Layer  0: 1.49 ms (1799.17 GFLOPS)
Layer  1: 14.46 ms (1974.90 GFLOPS)
Layer  2: 28.78 ms (1983.80 GFLOPS)
Layer  3: 57.48 ms (1986.53 GFLOPS)
Layer  4: 116.26 ms (1964.42 GFLOPS)
Layer  5: 43.87 ms (1982.32 GFLOPS)
Layer  6: 87.80 ms (1981.14 GFLOPS)
Layer  7: 175.46 ms (1982.74 GFLOPS)
Layer  8: 351.27 ms (1980.77 GFLOPS)
Layer  9: 131.18 ms (1804.90 GFLOPS)
Layer 10: 1.19 ms (1784.74 GFLOPS)
Layer 11: 22.94 ms (1975.44 GFLOPS)
Layer 12: 11.05 ms (1967.42 GFLOPS)
Layer 13: 22.00 ms (1976.63 GFLOPS)
Layer 14: 6.58 ms (1857.92 GFLOPS)
Layer 15: 2.44 ms (1738.14 GFLOPS)
Layer 16: 6.46 ms (1752.37 GFLOPS)
Layer 17: 6.76 ms (1608.53 GFLOPS)
Baseline Total: 1087.47 ms (1952.77 GFLOPS)

=== Running Winograd Convolution ===
Layer  0: 3.76 ms (711.05 GFLOPS)
Layer  1: 5.39 ms (5292.36 GFLOPS)
Layer  2: 7.34 ms (7776.04 GFLOPS)
Layer  3: 11.81 ms (9672.44 GFLOPS)
Layer  4: 18.07 ms (12641.12 GFLOPS)
Layer  5: 5.92 ms (14680.19 GFLOPS)
Layer  6: 10.85 ms (16027.93 GFLOPS)
Layer  7: 19.46 ms (17873.77 GFLOPS)
Layer  8: 34.61 ms (20103.67 GFLOPS)
Layer  9: 13.35 ms (17732.27 GFLOPS)
Layer 10: 3.24 ms (655.30 GFLOPS)
Layer 11: 7.99 ms (5674.23 GFLOPS)
Layer 12: 2.86 ms (7599.74 GFLOPS)
Layer 13: 4.41 ms (9850.92 GFLOPS)
Layer 14: 1.22 ms (10034.11 GFLOPS)
Layer 15: 0.64 ms (6667.52 GFLOPS)
Layer 16: 0.93 ms (12117.46 GFLOPS)
Layer 17: 1.13 ms (9639.98 GFLOPS)
Custom Total: 153.00 ms (13879.93 GFLOPS)

=== Correctness Check ===
Layer  0: [32mCORRECT[0m (Speedup: 0.40x)
Layer  1: [32mCORRECT[0m (Speedup: 2.68x)
Layer  2: [32mCORRECT[0m (Speedup: 3.92x)
Layer  3: [32mCORRECT[0m (Speedup: 4.87x)
Layer  4: [32mCORRECT[0m (Speedup: 6.44x)
Layer  5: [32mCORRECT[0m (Speedup: 7.41x)
Layer  6: [32mCORRECT[0m (Speedup: 8.09x)
Layer  7: [32mCORRECT[0m (Speedup: 9.01x)
Layer  8: [32mCORRECT[0m (Speedup: 10.15x)
Layer  9: [32mCORRECT[0m (Speedup: 9.82x)
Layer 10: [32mCORRECT[0m (Speedup: 0.37x)
Layer 11: [32mCORRECT[0m (Speedup: 2.87x)
Layer 12: [32mCORRECT[0m (Speedup: 3.86x)
Layer 13: [32mCORRECT[0m (Speedup: 4.98x)
Layer 14: [32mCORRECT[0m (Speedup: 5.40x)
Layer 15: [32mCORRECT[0m (Speedup: 3.84x)
Layer 16: [32mCORRECT[0m (Speedup: 6.91x)
Layer 17: [32mCORRECT[0m (Speedup: 5.99x)

=== Final Results ===
[32mResults are correct![0m
Naive:    1087.47 ms (1952.77 GFLOPS)
Winograd: 153.00 ms (13879.93 GFLOPS)
Overall speedup: 7.11x
