=== Running Naive Convolution ===
Layer  0: 1.49 ms (1800.41 GFLOPS)
Layer  1: 14.45 ms (1975.09 GFLOPS)
Layer  2: 24.41 ms (2339.35 GFLOPS)
Layer  3: 48.63 ms (2348.17 GFLOPS)
Layer  4: 98.73 ms (2313.22 GFLOPS)
Layer  5: 37.03 ms (2348.45 GFLOPS)
Layer  6: 74.13 ms (2346.44 GFLOPS)
Layer  7: 148.13 ms (2348.51 GFLOPS)
Layer  8: 296.59 ms (2345.93 GFLOPS)
Layer  9: 110.88 ms (2135.24 GFLOPS)
Layer 10: 1.01 ms (2106.77 GFLOPS)
Layer 11: 19.37 ms (2339.90 GFLOPS)
Layer 12: 9.33 ms (2330.64 GFLOPS)
Layer 13: 18.57 ms (2341.43 GFLOPS)
Layer 14: 5.57 ms (2197.46 GFLOPS)
Layer 15: 2.07 ms (2056.12 GFLOPS)
Layer 16: 5.46 ms (2074.90 GFLOPS)
Layer 17: 5.70 ms (1908.24 GFLOPS)
Baseline Total: 921.54 ms (2304.39 GFLOPS)

=== Running Winograd Convolution ===
Layer  0: 1.25 ms (2135.88 GFLOPS)
Layer  1: 11.10 ms (2571.65 GFLOPS)
Layer  2: 22.00 ms (2594.91 GFLOPS)
Layer  3: 43.94 ms (2598.70 GFLOPS)
Layer  4: 87.61 ms (2606.87 GFLOPS)
Layer  5: 33.40 ms (2604.05 GFLOPS)
Layer  6: 66.64 ms (2610.21 GFLOPS)
Layer  7: 133.12 ms (2613.34 GFLOPS)
Layer  8: 266.06 ms (2615.18 GFLOPS)
Layer  9: 90.97 ms (2602.66 GFLOPS)
Layer 10: 1.00 ms (2121.13 GFLOPS)
Layer 11: 17.60 ms (2575.27 GFLOPS)
Layer 12: 8.40 ms (2589.79 GFLOPS)
Layer 13: 16.77 ms (2593.11 GFLOPS)
Layer 14: 4.79 ms (2554.85 GFLOPS)
Layer 15: 1.70 ms (2493.81 GFLOPS)
Layer 16: 4.46 ms (2540.40 GFLOPS)
Layer 17: 4.49 ms (2423.93 GFLOPS)
Custom Total: 815.29 ms (2604.71 GFLOPS)

=== Correctness Check ===
Layer  0: [32mCORRECT[0m (Speedup: 1.19x)
Layer  1: [32mCORRECT[0m (Speedup: 1.30x)
Layer  2: [32mCORRECT[0m (Speedup: 1.11x)
Layer  3: [32mCORRECT[0m (Speedup: 1.11x)
Layer  4: [32mCORRECT[0m (Speedup: 1.13x)
Layer  5: [32mCORRECT[0m (Speedup: 1.11x)
Layer  6: [32mCORRECT[0m (Speedup: 1.11x)
Layer  7: [32mCORRECT[0m (Speedup: 1.11x)
Layer  8: [32mCORRECT[0m (Speedup: 1.11x)
Layer  9: [32mCORRECT[0m (Speedup: 1.22x)
Layer 10: [32mCORRECT[0m (Speedup: 1.01x)
Layer 11: [32mCORRECT[0m (Speedup: 1.10x)
Layer 12: [32mCORRECT[0m (Speedup: 1.11x)
Layer 13: [32mCORRECT[0m (Speedup: 1.11x)
Layer 14: [32mCORRECT[0m (Speedup: 1.16x)
Layer 15: [32mCORRECT[0m (Speedup: 1.21x)
Layer 16: [32mCORRECT[0m (Speedup: 1.22x)
Layer 17: [32mCORRECT[0m (Speedup: 1.27x)

=== Final Results ===
[32mResults are correct![0m
Naive:    921.54 ms (2304.39 GFLOPS)
Winograd: 815.29 ms (2604.71 GFLOPS)
Overall speedup: 1.13x
